This file contains any messages produced by compilers while
running configure, to aid debugging if configure makes a mistake.

It was created by configure, which was
generated by GNU Autoconf 2.65.  Invocation command line was

  $ ./configure 

## --------- ##
## Platform. ##
## --------- ##

hostname = young-laptop
uname -m = i686
uname -r = 2.6.32-38-generic
uname -s = Linux
uname -v = #83-Ubuntu SMP Wed Jan 4 11:13:04 UTC 2012

/usr/bin/uname -p = unknown
/bin/uname -X     = unknown

/bin/arch              = unknown
/usr/bin/arch -k       = unknown
/usr/convex/getsysinfo = unknown
/usr/bin/hostinfo      = unknown
/bin/machine           = unknown
/usr/bin/oslevel       = unknown
/bin/universe          = unknown

PATH: /home/young/bin
PATH: /usr/local/sbin
PATH: /usr/local/bin
PATH: /usr/sbin
PATH: /usr/bin
PATH: /sbin
PATH: /bin
PATH: /usr/games


## ----------- ##
## Core tests. ##
## ----------- ##

configure:2527: checking for a BSD-compatible install
configure:2595: result: /usr/bin/install -c
configure:2606: checking whether build environment is sane
configure:2656: result: yes
configure:2684: WARNING: `missing' script is too old or missing
configure:2797: checking for a thread-safe mkdir -p
configure:2836: result: /bin/mkdir -p
configure:2849: checking for gawk
configure:2865: found /usr/bin/gawk
configure:2876: result: gawk
configure:2887: checking whether make sets $(MAKE)
configure:2909: result: yes
configure:3049: checking for g++
configure:3065: found /usr/bin/g++
configure:3076: result: g++
configure:3103: checking for C++ compiler version
configure:3112: g++ --version >&5
g++ (Ubuntu 4.4.3-4ubuntu5) 4.4.3
Copyright (C) 2009 Free Software Foundation, Inc.
This is free software; see the source for copying conditions.  There is NO
warranty; not even for MERCHANTABILITY or FITNESS FOR A PARTICULAR PURPOSE.

configure:3123: $? = 0
configure:3112: g++ -v >&5
Using built-in specs.
Target: i486-linux-gnu
Configured with: ../src/configure -v --with-pkgversion='Ubuntu 4.4.3-4ubuntu5' --with-bugurl=file:///usr/share/doc/gcc-4.4/README.Bugs --enable-languages=c,c++,fortran,objc,obj-c++ --prefix=/usr --enable-shared --enable-multiarch --enable-linker-build-id --with-system-zlib --libexecdir=/usr/lib --without-included-gettext --enable-threads=posix --with-gxx-include-dir=/usr/include/c++/4.4 --program-suffix=-4.4 --enable-nls --enable-clocale=gnu --enable-libstdcxx-debug --enable-plugin --enable-objc-gc --enable-targets=all --disable-werror --with-arch-32=i486 --with-tune=generic --enable-checking=release --build=i486-linux-gnu --host=i486-linux-gnu --target=i486-linux-gnu
Thread model: posix
gcc version 4.4.3 (Ubuntu 4.4.3-4ubuntu5) 
configure:3123: $? = 0
configure:3112: g++ -V >&5
g++: '-V' option must have argument
configure:3123: $? = 1
configure:3112: g++ -qversion >&5
g++: unrecognized option '-qversion'
g++: no input files
configure:3123: $? = 1
configure:3143: checking whether the C++ compiler works
configure:3165: g++    conftest.cpp  >&5
configure:3169: $? = 0
configure:3218: result: yes
configure:3221: checking for C++ compiler default output file name
configure:3223: result: a.out
configure:3229: checking for suffix of executables
configure:3236: g++ -o conftest    conftest.cpp  >&5
configure:3240: $? = 0
configure:3262: result: 
configure:3284: checking whether we are cross compiling
configure:3292: g++ -o conftest    conftest.cpp  >&5
configure:3296: $? = 0
configure:3303: ./conftest
configure:3307: $? = 0
configure:3322: result: no
configure:3327: checking for suffix of object files
configure:3349: g++ -c   conftest.cpp >&5
configure:3353: $? = 0
configure:3374: result: o
configure:3378: checking whether we are using the GNU C++ compiler
configure:3397: g++ -c   conftest.cpp >&5
configure:3397: $? = 0
configure:3406: result: yes
configure:3415: checking whether g++ accepts -g
configure:3435: g++ -c -g  conftest.cpp >&5
configure:3435: $? = 0
configure:3476: result: yes
configure:3510: checking for style of include used by make
configure:3538: result: GNU
configure:3563: checking dependency style of g++
configure:3673: result: gcc3
configure:3736: checking for gcc
configure:3752: found /usr/bin/gcc
configure:3763: result: gcc
configure:3992: checking for C compiler version
configure:4001: gcc --version >&5
gcc (Ubuntu 4.4.3-4ubuntu5) 4.4.3
Copyright (C) 2009 Free Software Foundation, Inc.
This is free software; see the source for copying conditions.  There is NO
warranty; not even for MERCHANTABILITY or FITNESS FOR A PARTICULAR PURPOSE.

configure:4012: $? = 0
configure:4001: gcc -v >&5
Using built-in specs.
Target: i486-linux-gnu
Configured with: ../src/configure -v --with-pkgversion='Ubuntu 4.4.3-4ubuntu5' --with-bugurl=file:///usr/share/doc/gcc-4.4/README.Bugs --enable-languages=c,c++,fortran,objc,obj-c++ --prefix=/usr --enable-shared --enable-multiarch --enable-linker-build-id --with-system-zlib --libexecdir=/usr/lib --without-included-gettext --enable-threads=posix --with-gxx-include-dir=/usr/include/c++/4.4 --program-suffix=-4.4 --enable-nls --enable-clocale=gnu --enable-libstdcxx-debug --enable-plugin --enable-objc-gc --enable-targets=all --disable-werror --with-arch-32=i486 --with-tune=generic --enable-checking=release --build=i486-linux-gnu --host=i486-linux-gnu --target=i486-linux-gnu
Thread model: posix
gcc version 4.4.3 (Ubuntu 4.4.3-4ubuntu5) 
configure:4012: $? = 0
configure:4001: gcc -V >&5
gcc: '-V' option must have argument
configure:4012: $? = 1
configure:4001: gcc -qversion >&5
gcc: unrecognized option '-qversion'
gcc: no input files
configure:4012: $? = 1
configure:4016: checking whether we are using the GNU C compiler
configure:4035: gcc -c   conftest.c >&5
configure:4035: $? = 0
configure:4044: result: yes
configure:4053: checking whether gcc accepts -g
configure:4073: gcc -c -g  conftest.c >&5
configure:4073: $? = 0
configure:4114: result: yes
configure:4131: checking for gcc option to accept ISO C89
configure:4195: gcc  -c -g -O2  conftest.c >&5
configure:4195: $? = 0
configure:4208: result: none needed
configure:4230: checking dependency style of gcc
configure:4340: result: gcc3
configure:4387: checking build system type
configure:4401: result: i686-pc-linux-gnu
configure:4421: checking host system type
configure:4434: result: i686-pc-linux-gnu
configure:4454: checking for a sed that does not truncate output
configure:4518: result: /bin/sed
configure:4536: checking for grep that handles long lines and -e
configure:4594: result: /bin/grep
configure:4599: checking for egrep
configure:4661: result: /bin/grep -E
configure:4666: checking for fgrep
configure:4728: result: /bin/grep -F
configure:4763: checking for ld used by gcc
configure:4830: result: /usr/bin/ld
configure:4837: checking if the linker (/usr/bin/ld) is GNU ld
configure:4852: result: yes
configure:4864: checking for BSD- or MS-compatible name lister (nm)
configure:4913: result: /usr/bin/nm -B
configure:5031: checking the name lister (/usr/bin/nm -B) interface
configure:5038: gcc -c -g -O2  conftest.c >&5
configure:5041: /usr/bin/nm -B "conftest.o"
configure:5044: output
00000000 B some_variable
configure:5051: result: BSD nm
configure:5054: checking whether ln -s works
configure:5058: result: yes
configure:5066: checking the maximum length of command line arguments
configure:5186: result: 1572864
configure:5203: checking whether the shell understands some XSI constructs
configure:5213: result: yes
configure:5217: checking whether the shell understands "+="
configure:5223: result: yes
configure:5258: checking for /usr/bin/ld option to reload object files
configure:5265: result: -r
configure:5334: checking for objdump
configure:5350: found /usr/bin/objdump
configure:5361: result: objdump
configure:5393: checking how to recognize dependent libraries
configure:5589: result: pass_all
configure:5649: checking for ar
configure:5665: found /usr/bin/ar
configure:5676: result: ar
configure:5754: checking for strip
configure:5770: found /usr/bin/strip
configure:5781: result: strip
configure:5853: checking for ranlib
configure:5869: found /usr/bin/ranlib
configure:5880: result: ranlib
configure:5970: checking command to parse /usr/bin/nm -B output from gcc object
configure:6088: gcc -c -g -O2  conftest.c >&5
configure:6091: $? = 0
configure:6095: /usr/bin/nm -B conftest.o \| sed -n -e 's/^.*[	 ]\([ABCDGIRSTW][ABCDGIRSTW]*\)[	 ][	 ]*\([_A-Za-z][_A-Za-z0-9]*\)$/\1 \2 \2/p' \> conftest.nm
configure:6098: $? = 0
configure:6152: gcc -o conftest -g -O2   conftest.c conftstm.o >&5
configure:6155: $? = 0
configure:6193: result: ok
configure:7002: checking how to run the C preprocessor
configure:7033: gcc -E  conftest.c
configure:7033: $? = 0
configure:7047: gcc -E  conftest.c
conftest.c:11:28: error: ac_nonexistent.h: No such file or directory
configure:7047: $? = 1
configure: failed program was:
| /* confdefs.h */
| #define PACKAGE_NAME ""
| #define PACKAGE_TARNAME ""
| #define PACKAGE_VERSION ""
| #define PACKAGE_STRING ""
| #define PACKAGE_BUGREPORT ""
| #define PACKAGE_URL ""
| #define PACKAGE "mmseg"
| #define VERSION "0.7"
| /* end confdefs.h.  */
| #include <ac_nonexistent.h>
configure:7072: result: gcc -E
configure:7092: gcc -E  conftest.c
configure:7092: $? = 0
configure:7106: gcc -E  conftest.c
conftest.c:11:28: error: ac_nonexistent.h: No such file or directory
configure:7106: $? = 1
configure: failed program was:
| /* confdefs.h */
| #define PACKAGE_NAME ""
| #define PACKAGE_TARNAME ""
| #define PACKAGE_VERSION ""
| #define PACKAGE_STRING ""
| #define PACKAGE_BUGREPORT ""
| #define PACKAGE_URL ""
| #define PACKAGE "mmseg"
| #define VERSION "0.7"
| /* end confdefs.h.  */
| #include <ac_nonexistent.h>
configure:7135: checking for ANSI C header files
configure:7155: gcc -c -g -O2  conftest.c >&5
configure:7155: $? = 0
configure:7228: gcc -o conftest -g -O2   conftest.c  >&5
configure:7228: $? = 0
configure:7228: ./conftest
configure:7228: $? = 0
configure:7239: result: yes
configure:7252: checking for sys/types.h
configure:7252: gcc -c -g -O2  conftest.c >&5
configure:7252: $? = 0
configure:7252: result: yes
configure:7252: checking for sys/stat.h
configure:7252: gcc -c -g -O2  conftest.c >&5
configure:7252: $? = 0
configure:7252: result: yes
configure:7252: checking for stdlib.h
configure:7252: gcc -c -g -O2  conftest.c >&5
configure:7252: $? = 0
configure:7252: result: yes
configure:7252: checking for string.h
configure:7252: gcc -c -g -O2  conftest.c >&5
configure:7252: $? = 0
configure:7252: result: yes
configure:7252: checking for memory.h
configure:7252: gcc -c -g -O2  conftest.c >&5
configure:7252: $? = 0
configure:7252: result: yes
configure:7252: checking for strings.h
configure:7252: gcc -c -g -O2  conftest.c >&5
configure:7252: $? = 0
configure:7252: result: yes
configure:7252: checking for inttypes.h
configure:7252: gcc -c -g -O2  conftest.c >&5
configure:7252: $? = 0
configure:7252: result: yes
configure:7252: checking for stdint.h
configure:7252: gcc -c -g -O2  conftest.c >&5
configure:7252: $? = 0
configure:7252: result: yes
configure:7252: checking for unistd.h
configure:7252: gcc -c -g -O2  conftest.c >&5
configure:7252: $? = 0
configure:7252: result: yes
configure:7267: checking for dlfcn.h
configure:7267: gcc -c -g -O2  conftest.c >&5
configure:7267: $? = 0
configure:7267: result: yes
configure:7392: checking for C++ compiler version
configure:7401: g++ --version >&5
g++ (Ubuntu 4.4.3-4ubuntu5) 4.4.3
Copyright (C) 2009 Free Software Foundation, Inc.
This is free software; see the source for copying conditions.  There is NO
warranty; not even for MERCHANTABILITY or FITNESS FOR A PARTICULAR PURPOSE.

configure:7412: $? = 0
configure:7401: g++ -v >&5
Using built-in specs.
Target: i486-linux-gnu
Configured with: ../src/configure -v --with-pkgversion='Ubuntu 4.4.3-4ubuntu5' --with-bugurl=file:///usr/share/doc/gcc-4.4/README.Bugs --enable-languages=c,c++,fortran,objc,obj-c++ --prefix=/usr --enable-shared --enable-multiarch --enable-linker-build-id --with-system-zlib --libexecdir=/usr/lib --without-included-gettext --enable-threads=posix --with-gxx-include-dir=/usr/include/c++/4.4 --program-suffix=-4.4 --enable-nls --enable-clocale=gnu --enable-libstdcxx-debug --enable-plugin --enable-objc-gc --enable-targets=all --disable-werror --with-arch-32=i486 --with-tune=generic --enable-checking=release --build=i486-linux-gnu --host=i486-linux-gnu --target=i486-linux-gnu
Thread model: posix
gcc version 4.4.3 (Ubuntu 4.4.3-4ubuntu5) 
configure:7412: $? = 0
configure:7401: g++ -V >&5
g++: '-V' option must have argument
configure:7412: $? = 1
configure:7401: g++ -qversion >&5
g++: unrecognized option '-qversion'
g++: no input files
configure:7412: $? = 1
configure:7416: checking whether we are using the GNU C++ compiler
configure:7444: result: yes
configure:7453: checking whether g++ accepts -g
configure:7514: result: yes
configure:7539: checking dependency style of g++
configure:7649: result: gcc3
configure:7672: checking how to run the C++ preprocessor
configure:7699: g++ -E  conftest.cpp
configure:7699: $? = 0
configure:7713: g++ -E  conftest.cpp
conftest.cpp:22:28: error: ac_nonexistent.h: No such file or directory
configure:7713: $? = 1
configure: failed program was:
| /* confdefs.h */
| #define PACKAGE_NAME ""
| #define PACKAGE_TARNAME ""
| #define PACKAGE_VERSION ""
| #define PACKAGE_STRING ""
| #define PACKAGE_BUGREPORT ""
| #define PACKAGE_URL ""
| #define PACKAGE "mmseg"
| #define VERSION "0.7"
| #define STDC_HEADERS 1
| #define HAVE_SYS_TYPES_H 1
| #define HAVE_SYS_STAT_H 1
| #define HAVE_STDLIB_H 1
| #define HAVE_STRING_H 1
| #define HAVE_MEMORY_H 1
| #define HAVE_STRINGS_H 1
| #define HAVE_INTTYPES_H 1
| #define HAVE_STDINT_H 1
| #define HAVE_UNISTD_H 1
| #define HAVE_DLFCN_H 1
| /* end confdefs.h.  */
| #include <ac_nonexistent.h>
configure:7738: result: g++ -E
configure:7758: g++ -E  conftest.cpp
configure:7758: $? = 0
configure:7772: g++ -E  conftest.cpp
conftest.cpp:22:28: error: ac_nonexistent.h: No such file or directory
configure:7772: $? = 1
configure: failed program was:
| /* confdefs.h */
| #define PACKAGE_NAME ""
| #define PACKAGE_TARNAME ""
| #define PACKAGE_VERSION ""
| #define PACKAGE_STRING ""
| #define PACKAGE_BUGREPORT ""
| #define PACKAGE_URL ""
| #define PACKAGE "mmseg"
| #define VERSION "0.7"
| #define STDC_HEADERS 1
| #define HAVE_SYS_TYPES_H 1
| #define HAVE_SYS_STAT_H 1
| #define HAVE_STDLIB_H 1
| #define HAVE_STRING_H 1
| #define HAVE_MEMORY_H 1
| #define HAVE_STRINGS_H 1
| #define HAVE_INTTYPES_H 1
| #define HAVE_STDINT_H 1
| #define HAVE_UNISTD_H 1
| #define HAVE_DLFCN_H 1
| /* end confdefs.h.  */
| #include <ac_nonexistent.h>
configure:7978: checking for objdir
configure:7993: result: .libs
configure:8285: checking if gcc supports -fno-rtti -fno-exceptions
configure:8303: gcc -c -g -O2  -fno-rtti -fno-exceptions conftest.c >&5
cc1: warning: command line option "-fno-rtti" is valid for C++/ObjC++ but not for C
configure:8307: $? = 0
configure:8320: result: no
configure:8340: checking for gcc option to produce PIC
configure:8612: result: -fPIC -DPIC
configure:8624: checking if gcc PIC flag -fPIC -DPIC works
configure:8642: gcc -c -g -O2  -fPIC -DPIC -DPIC conftest.c >&5
configure:8646: $? = 0
configure:8659: result: yes
configure:8683: checking if gcc static flag -static works
configure:8711: result: yes
configure:8726: checking if gcc supports -c -o file.o
configure:8747: gcc -c -g -O2  -o out/conftest2.o conftest.c >&5
configure:8751: $? = 0
configure:8773: result: yes
configure:8781: checking if gcc supports -c -o file.o
configure:8828: result: yes
configure:8861: checking whether the gcc linker (/usr/bin/ld) supports shared libraries
configure:9852: result: yes
configure:9889: checking whether -lc should be explicitly linked in
configure:9894: gcc -c -g -O2  conftest.c >&5
configure:9897: $? = 0
configure:9912: gcc -shared conftest.o  -v -Wl,-soname -Wl,conftest -o conftest 2\>\&1 \| /bin/grep  -lc  \>/dev/null 2\>\&1
configure:9915: $? = 0
configure:9927: result: no
configure:10091: checking dynamic linker characteristics
configure:10524: gcc -o conftest -g -O2   -Wl,-rpath -Wl,/foo conftest.c  >&5
configure:10524: $? = 0
configure:10754: result: GNU/Linux ld.so
configure:10856: checking how to hardcode library paths into programs
configure:10881: result: immediate
configure:11401: checking whether stripping libraries is possible
configure:11406: result: yes
configure:11441: checking if libtool supports shared libraries
configure:11443: result: yes
configure:11446: checking whether to build shared libraries
configure:11467: result: yes
configure:11470: checking whether to build static libraries
configure:11474: result: yes
configure:11624: checking for ld used by g++
configure:11691: result: /usr/bin/ld
configure:11698: checking if the linker (/usr/bin/ld) is GNU ld
configure:11713: result: yes
configure:11768: checking whether the g++ linker (/usr/bin/ld) supports shared libraries
configure:12681: result: yes
configure:12709: g++ -c -g -O2  conftest.cpp >&5
configure:12712: $? = 0
configure:12894: checking for g++ option to produce PIC
configure:13211: result: -fPIC -DPIC
configure:13220: checking if g++ PIC flag -fPIC -DPIC works
configure:13238: g++ -c -g -O2  -fPIC -DPIC -DPIC conftest.cpp >&5
configure:13242: $? = 0
configure:13255: result: yes
configure:13276: checking if g++ static flag -static works
configure:13304: result: yes
configure:13316: checking if g++ supports -c -o file.o
configure:13337: g++ -c -g -O2  -o out/conftest2.o conftest.cpp >&5
configure:13341: $? = 0
configure:13363: result: yes
configure:13368: checking if g++ supports -c -o file.o
configure:13415: result: yes
configure:13445: checking whether the g++ linker (/usr/bin/ld) supports shared libraries
configure:13474: result: yes
configure:13611: checking dynamic linker characteristics
configure:13992: g++ -o conftest -g -O2   -Wl,-rpath -Wl,/foo conftest.cpp  >&5
configure:13992: $? = 0
configure:14222: result: GNU/Linux ld.so
configure:14273: checking how to hardcode library paths into programs
configure:14298: result: immediate
configure:14357: checking for ANSI C header files
configure:14461: result: yes
configure:14469: checking for sys/wait.h that is POSIX.1 compatible
configure:14495: gcc -c -g -O2  conftest.c >&5
configure:14495: $? = 0
configure:14502: result: yes
configure:14513: checking for stdlib.h
configure:14513: result: yes
configure:14513: checking for unistd.h
configure:14513: result: yes
configure:14513: checking errno.h usability
configure:14513: gcc -c -g -O2  conftest.c >&5
configure:14513: $? = 0
configure:14513: result: yes
configure:14513: checking errno.h presence
configure:14513: gcc -E  conftest.c
configure:14513: $? = 0
configure:14513: result: yes
configure:14513: checking for errno.h
configure:14513: result: yes
configure:14513: checking assert.h usability
configure:14513: gcc -c -g -O2  conftest.c >&5
configure:14513: $? = 0
configure:14513: result: yes
configure:14513: checking assert.h presence
configure:14513: gcc -E  conftest.c
configure:14513: $? = 0
configure:14513: result: yes
configure:14513: checking for assert.h
configure:14513: result: yes
configure:14527: checking for string.h
configure:14527: result: yes
configure:14578: checking stdarg.h usability
configure:14578: gcc -c -g -O2  conftest.c >&5
configure:14578: $? = 0
configure:14578: result: yes
configure:14578: checking stdarg.h presence
configure:14578: gcc -E  conftest.c
configure:14578: $? = 0
configure:14578: result: yes
configure:14578: checking for stdarg.h
configure:14578: result: yes
configure:14599: checking for an ANSI C-conforming const
configure:14664: gcc -c -g -O2  conftest.c >&5
configure:14664: $? = 0
configure:14671: result: yes
configure:14679: checking for pid_t
configure:14679: gcc -c -g -O2  conftest.c >&5
configure:14679: $? = 0
configure:14679: gcc -c -g -O2  conftest.c >&5
conftest.c: In function 'main':
conftest.c:67: error: expected expression before ')' token
configure:14679: $? = 1
configure: failed program was:
| /* confdefs.h */
| #define PACKAGE_NAME ""
| #define PACKAGE_TARNAME ""
| #define PACKAGE_VERSION ""
| #define PACKAGE_STRING ""
| #define PACKAGE_BUGREPORT ""
| #define PACKAGE_URL ""
| #define PACKAGE "mmseg"
| #define VERSION "0.7"
| #define STDC_HEADERS 1
| #define HAVE_SYS_TYPES_H 1
| #define HAVE_SYS_STAT_H 1
| #define HAVE_STDLIB_H 1
| #define HAVE_STRING_H 1
| #define HAVE_MEMORY_H 1
| #define HAVE_STRINGS_H 1
| #define HAVE_INTTYPES_H 1
| #define HAVE_STDINT_H 1
| #define HAVE_UNISTD_H 1
| #define HAVE_DLFCN_H 1
| #define LT_OBJDIR ".libs/"
| #define STDC_HEADERS 1
| #define HAVE_SYS_WAIT_H 1
| #define HAVE_STDLIB_H 1
| #define HAVE_UNISTD_H 1
| #define HAVE_ERRNO_H 1
| #define HAVE_ASSERT_H 1
| #define HAVE_STRING_H 1
| #define HAVE_STDARG_H 1
| /* end confdefs.h.  */
| #include <stdio.h>
| #ifdef HAVE_SYS_TYPES_H
| # include <sys/types.h>
| #endif
| #ifdef HAVE_SYS_STAT_H
| # include <sys/stat.h>
| #endif
| #ifdef STDC_HEADERS
| # include <stdlib.h>
| # include <stddef.h>
| #else
| # ifdef HAVE_STDLIB_H
| #  include <stdlib.h>
| # endif
| #endif
| #ifdef HAVE_STRING_H
| # if !defined STDC_HEADERS && defined HAVE_MEMORY_H
| #  include <memory.h>
| # endif
| # include <string.h>
| #endif
| #ifdef HAVE_STRINGS_H
| # include <strings.h>
| #endif
| #ifdef HAVE_INTTYPES_H
| # include <inttypes.h>
| #endif
| #ifdef HAVE_STDINT_H
| # include <stdint.h>
| #endif
| #ifdef HAVE_UNISTD_H
| # include <unistd.h>
| #endif
| int
| main ()
| {
| if (sizeof ((pid_t)))
| 	    return 0;
|   ;
|   return 0;
| }
configure:14679: result: yes
configure:14690: checking for size_t
configure:14690: gcc -c -g -O2  conftest.c >&5
configure:14690: $? = 0
configure:14690: gcc -c -g -O2  conftest.c >&5
conftest.c: In function 'main':
conftest.c:67: error: expected expression before ')' token
configure:14690: $? = 1
configure: failed program was:
| /* confdefs.h */
| #define PACKAGE_NAME ""
| #define PACKAGE_TARNAME ""
| #define PACKAGE_VERSION ""
| #define PACKAGE_STRING ""
| #define PACKAGE_BUGREPORT ""
| #define PACKAGE_URL ""
| #define PACKAGE "mmseg"
| #define VERSION "0.7"
| #define STDC_HEADERS 1
| #define HAVE_SYS_TYPES_H 1
| #define HAVE_SYS_STAT_H 1
| #define HAVE_STDLIB_H 1
| #define HAVE_STRING_H 1
| #define HAVE_MEMORY_H 1
| #define HAVE_STRINGS_H 1
| #define HAVE_INTTYPES_H 1
| #define HAVE_STDINT_H 1
| #define HAVE_UNISTD_H 1
| #define HAVE_DLFCN_H 1
| #define LT_OBJDIR ".libs/"
| #define STDC_HEADERS 1
| #define HAVE_SYS_WAIT_H 1
| #define HAVE_STDLIB_H 1
| #define HAVE_UNISTD_H 1
| #define HAVE_ERRNO_H 1
| #define HAVE_ASSERT_H 1
| #define HAVE_STRING_H 1
| #define HAVE_STDARG_H 1
| /* end confdefs.h.  */
| #include <stdio.h>
| #ifdef HAVE_SYS_TYPES_H
| # include <sys/types.h>
| #endif
| #ifdef HAVE_SYS_STAT_H
| # include <sys/stat.h>
| #endif
| #ifdef STDC_HEADERS
| # include <stdlib.h>
| # include <stddef.h>
| #else
| # ifdef HAVE_STDLIB_H
| #  include <stdlib.h>
| # endif
| #endif
| #ifdef HAVE_STRING_H
| # if !defined STDC_HEADERS && defined HAVE_MEMORY_H
| #  include <memory.h>
| # endif
| # include <string.h>
| #endif
| #ifdef HAVE_STRINGS_H
| # include <strings.h>
| #endif
| #ifdef HAVE_INTTYPES_H
| # include <inttypes.h>
| #endif
| #ifdef HAVE_STDINT_H
| # include <stdint.h>
| #endif
| #ifdef HAVE_UNISTD_H
| # include <unistd.h>
| #endif
| int
| main ()
| {
| if (sizeof ((size_t)))
| 	    return 0;
|   ;
|   return 0;
| }
configure:14690: result: yes
configure:14769: checking for sys_errlist
configure:14785: gcc -o conftest -g -O2   conftest.c  >&5
/tmp/ccd0uMWM.o: In function `main':
/home/young/download/lua/mmseg-3.2.14/conftest.c:35: warning: `sys_errlist' is deprecated; use `strerror' or `strerror_r' instead
configure:14785: $? = 0
configure:14793: result: yes
configure:14800: checking for sys_siglist
configure:14816: gcc -o conftest -g -O2   conftest.c  >&5
configure:14816: $? = 0
configure:14824: result: yes
configure:14835: checking for bzero
configure:14835: gcc -o conftest -g -O2   conftest.c  >&5
conftest.c:56: warning: conflicting types for built-in function 'bzero'
configure:14835: $? = 0
configure:14835: result: yes
configure:14848: checking for calloc
configure:14848: gcc -o conftest -g -O2   conftest.c  >&5
conftest.c:57: warning: conflicting types for built-in function 'calloc'
configure:14848: $? = 0
configure:14848: result: yes
configure:14848: checking for strchr
configure:14848: gcc -o conftest -g -O2   conftest.c  >&5
conftest.c:58: warning: conflicting types for built-in function 'strchr'
configure:14848: $? = 0
configure:14848: result: yes
configure:14848: checking for strrchr
configure:14848: gcc -o conftest -g -O2   conftest.c  >&5
conftest.c:59: warning: conflicting types for built-in function 'strrchr'
configure:14848: $? = 0
configure:14848: result: yes
configure:14861: checking for basename
configure:14861: gcc -o conftest -g -O2   conftest.c  >&5
configure:14861: $? = 0
configure:14861: result: yes
configure:14861: checking for strspn
configure:14861: gcc -o conftest -g -O2   conftest.c  >&5
conftest.c:61: warning: conflicting types for built-in function 'strspn'
configure:14861: $? = 0
configure:14861: result: yes
configure:14861: checking for strcspn
configure:14861: gcc -o conftest -g -O2   conftest.c  >&5
conftest.c:62: warning: conflicting types for built-in function 'strcspn'
configure:14861: $? = 0
configure:14861: result: yes
configure:14861: checking for strerror
configure:14861: gcc -o conftest -g -O2   conftest.c  >&5
configure:14861: $? = 0
configure:14861: result: yes
configure:14861: checking for strsignal
configure:14861: gcc -o conftest -g -O2   conftest.c  >&5
configure:14861: $? = 0
configure:14861: result: yes
configure:14861: checking for vfprintf
configure:14861: gcc -o conftest -g -O2   conftest.c  >&5
conftest.c:65: warning: conflicting types for built-in function 'vfprintf'
configure:14861: $? = 0
configure:14861: result: yes
configure:14861: checking for waitpid
configure:14861: gcc -o conftest -g -O2   conftest.c  >&5
configure:14861: $? = 0
configure:14861: result: yes
configure:15037: creating ./config.status

## ---------------------- ##
## Running config.status. ##
## ---------------------- ##

This file was extended by config.status, which was
generated by GNU Autoconf 2.65.  Invocation command line was

  CONFIG_FILES    = 
  CONFIG_HEADERS  = 
  CONFIG_LINKS    = 
  CONFIG_COMMANDS = 
  $ ./config.status 

on young-laptop

config.status:1176: creating Makefile
config.status:1176: creating src/Makefile
config.status:1176: creating config.h
config.status:1396: executing depfiles commands
config.status:1396: executing libtool commands
config.status:1396: executing default-1 commands
config.status:1396: executing default commands

## ---------------- ##
## Cache variables. ##
## ---------------- ##

ac_cv_build=i686-pc-linux-gnu
ac_cv_c_compiler_gnu=yes
ac_cv_c_const=yes
ac_cv_cxx_compiler_gnu=yes
ac_cv_env_CCC_set=
ac_cv_env_CCC_value=
ac_cv_env_CC_set=
ac_cv_env_CC_value=
ac_cv_env_CFLAGS_set=
ac_cv_env_CFLAGS_value=
ac_cv_env_CPPFLAGS_set=
ac_cv_env_CPPFLAGS_value=
ac_cv_env_CPP_set=
ac_cv_env_CPP_value=
ac_cv_env_CXXCPP_set=
ac_cv_env_CXXCPP_value=
ac_cv_env_CXXFLAGS_set=
ac_cv_env_CXXFLAGS_value=
ac_cv_env_CXX_set=
ac_cv_env_CXX_value=
ac_cv_env_LDFLAGS_set=
ac_cv_env_LDFLAGS_value=
ac_cv_env_LIBS_set=
ac_cv_env_LIBS_value=
ac_cv_env_build_alias_set=
ac_cv_env_build_alias_value=
ac_cv_env_host_alias_set=
ac_cv_env_host_alias_value=
ac_cv_env_target_alias_set=
ac_cv_env_target_alias_value=
ac_cv_func_basename=yes
ac_cv_func_bzero=yes
ac_cv_func_calloc=yes
ac_cv_func_strchr=yes
ac_cv_func_strcspn=yes
ac_cv_func_strerror=yes
ac_cv_func_strrchr=yes
ac_cv_func_strsignal=yes
ac_cv_func_strspn=yes
ac_cv_func_vfprintf=yes
ac_cv_func_waitpid=yes
ac_cv_header_assert_h=yes
ac_cv_header_dlfcn_h=yes
ac_cv_header_errno_h=yes
ac_cv_header_inttypes_h=yes
ac_cv_header_memory_h=yes
ac_cv_header_stdarg_h=yes
ac_cv_header_stdc=yes
ac_cv_header_stdint_h=yes
ac_cv_header_stdlib_h=yes
ac_cv_header_string_h=yes
ac_cv_header_strings_h=yes
ac_cv_header_sys_stat_h=yes
ac_cv_header_sys_types_h=yes
ac_cv_header_sys_wait_h=yes
ac_cv_header_unistd_h=yes
ac_cv_host=i686-pc-linux-gnu
ac_cv_objext=o
ac_cv_path_EGREP='/bin/grep -E'
ac_cv_path_FGREP='/bin/grep -F'
ac_cv_path_GREP=/bin/grep
ac_cv_path_SED=/bin/sed
ac_cv_path_install='/usr/bin/install -c'
ac_cv_path_mkdir=/bin/mkdir
ac_cv_prog_AWK=gawk
ac_cv_prog_CPP='gcc -E'
ac_cv_prog_CXXCPP='g++ -E'
ac_cv_prog_ac_ct_AR=ar
ac_cv_prog_ac_ct_CC=gcc
ac_cv_prog_ac_ct_CXX=g++
ac_cv_prog_ac_ct_OBJDUMP=objdump
ac_cv_prog_ac_ct_RANLIB=ranlib
ac_cv_prog_ac_ct_STRIP=strip
ac_cv_prog_cc_c89=
ac_cv_prog_cc_g=yes
ac_cv_prog_cxx_g=yes
ac_cv_prog_make_make_set=yes
ac_cv_type_pid_t=yes
ac_cv_type_size_t=yes
am_cv_CC_dependencies_compiler_type=gcc3
am_cv_CXX_dependencies_compiler_type=gcc3
am_cv_prog_cc_stdc=
lt_cv_deplibs_check_method=pass_all
lt_cv_file_magic_cmd='$MAGIC_CMD'
lt_cv_file_magic_test_file=
lt_cv_ld_reload_flag=-r
lt_cv_nm_interface='BSD nm'
lt_cv_objdir=.libs
lt_cv_path_LD=/usr/bin/ld
lt_cv_path_LDCXX=/usr/bin/ld
lt_cv_path_NM='/usr/bin/nm -B'
lt_cv_prog_compiler_c_o=yes
lt_cv_prog_compiler_c_o_CXX=yes
lt_cv_prog_compiler_pic_works=yes
lt_cv_prog_compiler_pic_works_CXX=yes
lt_cv_prog_compiler_rtti_exceptions=no
lt_cv_prog_compiler_static_works=yes
lt_cv_prog_compiler_static_works_CXX=yes
lt_cv_prog_gnu_ld=yes
lt_cv_prog_gnu_ldcxx=yes
lt_cv_sys_global_symbol_pipe='sed -n -e '\''s/^.*[	 ]\([ABCDGIRSTW][ABCDGIRSTW]*\)[	 ][	 ]*\([_A-Za-z][_A-Za-z0-9]*\)$/\1 \2 \2/p'\'''
lt_cv_sys_global_symbol_to_c_name_address='sed -n -e '\''s/^: \([^ ]*\) $/  {\"\1\", (void *) 0},/p'\'' -e '\''s/^[ABCDGIRSTW]* \([^ ]*\) \([^ ]*\)$/  {"\2", (void *) \&\2},/p'\'''
lt_cv_sys_global_symbol_to_c_name_address_lib_prefix='sed -n -e '\''s/^: \([^ ]*\) $/  {\"\1\", (void *) 0},/p'\'' -e '\''s/^[ABCDGIRSTW]* \([^ ]*\) \(lib[^ ]*\)$/  {"\2", (void *) \&\2},/p'\'' -e '\''s/^[ABCDGIRSTW]* \([^ ]*\) \([^ ]*\)$/  {"lib\2", (void *) \&\2},/p'\'''
lt_cv_sys_global_symbol_to_cdecl='sed -n -e '\''s/^T .* \(.*\)$/extern int \1();/p'\'' -e '\''s/^[ABCDGIRSTW]* .* \(.*\)$/extern char \1;/p'\'''
lt_cv_sys_max_cmd_len=1572864
sic_cv_var_sys_errlist=yes
sic_cv_var_sys_siglist=yes

## ----------------- ##
## Output variables. ##
## ----------------- ##

ACLOCAL='aclocal-1.11'
AMDEPBACKSLASH='\'
AMDEP_FALSE='#'
AMDEP_TRUE=''
AMTAR='tar'
AR='ar'
AUTOCONF='autoconf'
AUTOHEADER='autoheader'
AUTOMAKE='automake-1.11'
AWK='gawk'
CC='gcc'
CCDEPMODE='depmode=gcc3'
CFLAGS='-g -O2'
CPP='gcc -E'
CPPFLAGS=''
CXX='g++'
CXXCPP='g++ -E'
CXXDEPMODE='depmode=gcc3'
CXXFLAGS='-g -O2'
CYGPATH_W='echo'
DEFS='-DHAVE_CONFIG_H'
DEPDIR='.deps'
DSYMUTIL=''
DUMPBIN=''
ECHO_C=''
ECHO_N='-n'
ECHO_T=''
EGREP='/bin/grep -E'
EXEEXT=''
FGREP='/bin/grep -F'
GREP='/bin/grep'
INSTALL_DATA='${INSTALL} -m 644'
INSTALL_PROGRAM='${INSTALL}'
INSTALL_SCRIPT='${INSTALL}'
INSTALL_STRIP_PROGRAM='$(install_sh) -c -s'
LD='/usr/bin/ld'
LDFLAGS=''
LIBOBJS=' ${LIBOBJDIR}$U.o'
LIBS=''
LIBTOOL='$(SHELL) $(top_builddir)/libtool'
LIPO=''
LN_S='ln -s'
LTLIBOBJS=' ${LIBOBJDIR}$U.lo'
MAKEINFO='makeinfo'
MKDIR_P='/bin/mkdir -p'
NM='/usr/bin/nm -B'
NMEDIT=''
OBJDUMP='objdump'
OBJEXT='o'
OTOOL64=''
OTOOL=''
PACKAGE='mmseg'
PACKAGE_BUGREPORT=''
PACKAGE_NAME=''
PACKAGE_STRING=''
PACKAGE_TARNAME=''
PACKAGE_URL=''
PACKAGE_VERSION=''
PATH_SEPARATOR=':'
RANLIB='ranlib'
SED='/bin/sed'
SET_MAKE=''
SHELL='/bin/bash'
STRIP='strip'
VERSION='0.7'
WITH_READLINE_FALSE=''
WITH_READLINE_TRUE='#'
ac_aux_dir='config'
ac_ct_CC='gcc'
ac_ct_CXX='g++'
ac_ct_DUMPBIN=''
am__EXEEXT_FALSE=''
am__EXEEXT_TRUE='#'
am__fastdepCC_FALSE='#'
am__fastdepCC_TRUE=''
am__fastdepCXX_FALSE='#'
am__fastdepCXX_TRUE=''
am__include='include'
am__isrc=''
am__leading_dot='.'
am__quote=''
am__tar='${AMTAR} chof - "$$tardir"'
am__untar='${AMTAR} xf -'
bindir='${exec_prefix}/bin'
build='i686-pc-linux-gnu'
build_alias=''
build_cpu='i686'
build_os='linux-gnu'
build_vendor='pc'
datadir='${datarootdir}'
datarootdir='${prefix}/share'
docdir='${datarootdir}/doc/${PACKAGE}'
dvidir='${docdir}'
exec_prefix='${prefix}'
host='i686-pc-linux-gnu'
host_alias=''
host_cpu='i686'
host_os='linux-gnu'
host_vendor='pc'
htmldir='${docdir}'
includedir='${prefix}/include'
infodir='${datarootdir}/info'
install_sh='${SHELL} /home/young/download/lua/mmseg-3.2.14/config/install-sh'
libdir='${exec_prefix}/lib'
libexecdir='${exec_prefix}/libexec'
localedir='${datarootdir}/locale'
localstatedir='${prefix}/var'
lt_ECHO='echo'
mandir='${datarootdir}/man'
mkdir_p='/bin/mkdir -p'
oldincludedir='/usr/include'
pdfdir='${docdir}'
prefix='/usr/local'
program_transform_name='s,x,x,'
psdir='${docdir}'
sbindir='${exec_prefix}/sbin'
sharedstatedir='${prefix}/com'
sysconfdir='${prefix}/etc'
target_alias=''

## ----------- ##
## confdefs.h. ##
## ----------- ##

/* confdefs.h */
#define PACKAGE_NAME ""
#define PACKAGE_TARNAME ""
#define PACKAGE_VERSION ""
#define PACKAGE_STRING ""
#define PACKAGE_BUGREPORT ""
#define PACKAGE_URL ""
#define PACKAGE "mmseg"
#define VERSION "0.7"
#define STDC_HEADERS 1
#define HAVE_SYS_TYPES_H 1
#define HAVE_SYS_STAT_H 1
#define HAVE_STDLIB_H 1
#define HAVE_STRING_H 1
#define HAVE_MEMORY_H 1
#define HAVE_STRINGS_H 1
#define HAVE_INTTYPES_H 1
#define HAVE_STDINT_H 1
#define HAVE_UNISTD_H 1
#define HAVE_DLFCN_H 1
#define LT_OBJDIR ".libs/"
#define STDC_HEADERS 1
#define HAVE_SYS_WAIT_H 1
#define HAVE_STDLIB_H 1
#define HAVE_UNISTD_H 1
#define HAVE_ERRNO_H 1
#define HAVE_ASSERT_H 1
#define HAVE_STRING_H 1
#define HAVE_STDARG_H 1
#define HAVE_SYS_ERRLIST 1
#define HAVE_SYS_SIGLIST 1
#define HAVE_BZERO 1
#define HAVE_CALLOC 1
#define HAVE_STRCHR 1
#define HAVE_STRRCHR 1
#define HAVE_BASENAME 1
#define HAVE_STRSPN 1
#define HAVE_STRCSPN 1
#define HAVE_STRERROR 1
#define HAVE_STRSIGNAL 1
#define HAVE_VFPRINTF 1
#define HAVE_WAITPID 1

configure: exit 0
